<?xml version="1.0" encoding="UTF-8"?>
<!-- Generated by org.testng.reporters.JUnitReportReporter -->
<testsuite hostname="LUK-CND1213S96" failures="0" tests="1" name="com.cards.spring.api.CucumberRunner" time="6.283" errors="0" timestamp="21 Feb 2022 04:45:14 GMT" skipped="0">
  <testcase classname="com.cards.spring.api.CucumberRunner" name="runScenario" time="6.283"/>
</testsuite> <!-- com.cards.spring.api.CucumberRunner -->
